2019-11-08 12:20:47,531  INFO [main] LogReport:33 - Homepage is invoking
2019-11-08 12:20:48,973  INFO [main] LogReport:33 - Searching for iPhone and validating the product details
2019-11-08 12:20:48,989  INFO [main] LogReport:33 - Searching for MacBook Air and validating the product details
2019-11-08 12:22:31,114  INFO [main] LogReport:33 - Homepage is invoking
2019-11-08 12:22:32,095  INFO [main] LogReport:33 - Searching for iPhone and validating the product details
2019-11-08 12:22:32,096  INFO [main] LogReport:33 - Searching the iPhone
2019-11-08 12:22:32,521  INFO [main] LogReport:33 - iPhone searching successfully
2019-11-08 12:22:32,523  INFO [main] LogReport:33 - product name validation
2019-11-08 12:22:32,633  INFO [main] LogReport:33 - Searching for MacBook Air and validating the product details
2019-11-08 12:22:32,633  INFO [main] LogReport:33 - Searching the MacBook Air
2019-11-08 12:22:32,907  INFO [main] LogReport:33 - MacBook Air searching successfully
2019-11-08 12:22:32,907  INFO [main] LogReport:33 - product name validation
2019-11-08 12:27:43,051  INFO [main] LogReport:33 - Homepage is invoking
2019-11-08 12:27:43,123  INFO [main] LogReport:33 - Page Redirection Validation pass:The Ninja Store and The Ninja Store match
2019-11-08 12:27:43,123  INFO [main] LogReport:33 - HomePage validate successfull
2019-11-08 12:27:44,214  INFO [main] LogReport:33 - Searching for iPhone and validating the product details
2019-11-08 12:27:44,214  INFO [main] LogReport:33 - Searching the iPhone
2019-11-08 12:27:44,702  INFO [main] LogReport:33 - iPhone searching successfully
2019-11-08 12:27:44,703  INFO [main] LogReport:33 - product name validation
2019-11-08 12:27:44,816  INFO [main] LogReport:33 - Searching for MacBook Air and validating the product details
2019-11-08 12:27:44,817  INFO [main] LogReport:33 - Searching the MacBook Air
2019-11-08 12:27:45,183  INFO [main] LogReport:33 - MacBook Air searching successfully
2019-11-08 12:27:45,183  INFO [main] LogReport:33 - product name validation
2019-11-08 12:29:20,934  INFO [main] LogReport:33 - Homepage is invoking
2019-11-08 12:29:20,957  INFO [main] LogReport:33 - Page Redirection Validation pass:The Ninja Store and The Ninja Store match
2019-11-08 12:29:20,957  INFO [main] LogReport:33 - HomePage validate successfull
2019-11-08 12:29:22,071  INFO [main] LogReport:33 - Searching for iPhone and validating the product details
2019-11-08 12:29:22,073  INFO [main] LogReport:33 - Searching the iPhone
2019-11-08 12:29:24,563  INFO [main] LogReport:33 - iPhone searching successfully
2019-11-08 12:29:24,564  INFO [main] LogReport:33 - product name validation
2019-11-08 12:29:25,316  INFO [main] LogReport:33 - Searching for MacBook Air and validating the product details
2019-11-08 12:29:25,316  INFO [main] LogReport:33 - Searching the MacBook Air
2019-11-08 12:29:27,432  INFO [main] LogReport:33 - MacBook Air searching successfully
2019-11-08 12:29:27,433  INFO [main] LogReport:33 - product name validation
2019-11-08 12:31:03,324  INFO [main] LogReport:33 - Homepage is invoking
2019-11-08 12:31:03,359  INFO [main] LogReport:33 - Page Redirection Validation pass:The Ninja Store and The Ninja Store match
2019-11-08 12:31:03,360  INFO [main] LogReport:33 - HomePage validate successfull
2019-11-08 12:31:04,483  INFO [main] LogReport:33 - Searching for iPhone and validating the product details
2019-11-08 12:31:04,483  INFO [main] LogReport:33 - Searching the iPhone
2019-11-08 12:31:07,257  INFO [main] LogReport:33 - iPhone searching successfully
2019-11-08 12:31:07,257  INFO [main] LogReport:33 - product name validation
2019-11-08 12:31:08,004  INFO [main] LogReport:33 - Searching for MacBook Air and validating the product details
2019-11-08 12:31:08,005  INFO [main] LogReport:33 - Searching the MacBook Air
2019-11-08 12:31:10,664  INFO [main] LogReport:33 - MacBook Air searching successfully
2019-11-08 12:31:10,665  INFO [main] LogReport:33 - product name validation
2019-11-08 12:32:54,543  INFO [main] LogReport:33 - Homepage is invoking
2019-11-08 12:32:54,575  INFO [main] LogReport:33 - Page Redirection Validation pass:The Ninja Store and The Ninja Store match
2019-11-08 12:32:54,576  INFO [main] LogReport:33 - HomePage validate successfull
2019-11-08 12:32:55,664  INFO [main] LogReport:33 - Searching for iPhone and validating the product details
2019-11-08 12:32:55,665  INFO [main] LogReport:33 - Searching the iPhone
2019-11-08 12:32:59,524  INFO [main] LogReport:33 - iPhone searching successfully
2019-11-08 12:32:59,524  INFO [main] LogReport:33 - product name validation
2019-11-08 12:33:00,366  INFO [main] LogReport:33 - Searching for MacBook Air and validating the product details
2019-11-08 12:33:00,366  INFO [main] LogReport:33 - Searching the MacBook Air
2019-11-08 12:33:04,056  INFO [main] LogReport:33 - MacBook Air searching successfully
2019-11-08 12:33:04,057  INFO [main] LogReport:33 - product name validation
2019-11-08 12:34:32,059  INFO [main] LogReport:33 - Homepage is invoking
2019-11-08 12:34:32,092  INFO [main] LogReport:33 - Page Redirection Validation pass:The Ninja Store and The Ninja Store match
2019-11-08 12:34:32,093  INFO [main] LogReport:33 - HomePage validate successfull
2019-11-08 12:34:33,205  INFO [main] LogReport:33 - Searching for iPhone and validating the product details
2019-11-08 12:34:33,205  INFO [main] LogReport:33 - Searching the iPhone
2019-11-08 12:34:36,895  INFO [main] LogReport:33 - iPhone searching successfully
2019-11-08 12:34:36,896  INFO [main] LogReport:33 - product name validation
2019-11-08 12:34:36,973  INFO [main] LogReport:33 - Searching for MacBook Air and validating the product details
2019-11-08 12:34:36,974  INFO [main] LogReport:33 - Searching the MacBook Air
2019-11-08 12:34:37,197  INFO [main] LogReport:33 - MacBook Air searching successfully
2019-11-08 12:34:37,197  INFO [main] LogReport:33 - product name validation
2019-11-08 12:36:11,822  INFO [main] LogReport:33 - Homepage is invoking
2019-11-08 12:36:11,858  INFO [main] LogReport:33 - Page Redirection Validation pass:The Ninja Store and The Ninja Store match
2019-11-08 12:36:11,858  INFO [main] LogReport:33 - HomePage validate successfull
2019-11-08 12:36:13,017  INFO [main] LogReport:33 - Searching for iPhone and validating the product details
2019-11-08 12:36:13,018  INFO [main] LogReport:33 - Searching the iPhone
2019-11-08 12:36:16,087  INFO [main] LogReport:33 - iPhone searching successfully
2019-11-08 12:36:16,087  INFO [main] LogReport:33 - product name validation
2019-11-08 12:36:16,173  INFO [main] LogReport:33 - Searching for MacBook Air and validating the product details
2019-11-08 12:36:16,173  INFO [main] LogReport:33 - Searching the MacBook Air
2019-11-08 12:36:16,378  INFO [main] LogReport:33 - MacBook Air searching successfully
2019-11-08 12:36:16,379  INFO [main] LogReport:33 - product name validation
2019-11-08 12:37:26,563  INFO [main] LogReport:33 - Homepage is invoking
2019-11-08 12:37:26,591  INFO [main] LogReport:33 - Page Redirection Validation pass:The Ninja Store and The Ninja Store match
2019-11-08 12:37:26,591  INFO [main] LogReport:33 - HomePage validate successfull
2019-11-08 12:37:27,763  INFO [main] LogReport:33 - Searching for iPhone and validating the product details
2019-11-08 12:37:27,764  INFO [main] LogReport:33 - Searching the iPhone
2019-11-08 12:37:30,763  INFO [main] LogReport:33 - Searching for MacBook Air and validating the product details
2019-11-08 12:37:30,769  INFO [main] LogReport:33 - Searching the MacBook Air
2019-11-08 12:40:16,356  INFO [main] LogReport:33 - Homepage is invoking
2019-11-08 12:40:16,402  INFO [main] LogReport:33 - Page Redirection Validation pass:The Ninja Store and The Ninja Store match
2019-11-08 12:40:16,402  INFO [main] LogReport:33 - HomePage validate successfull
2019-11-08 12:40:17,491  INFO [main] LogReport:33 - Searching for iPhone and validating the product details
2019-11-08 12:40:17,493  INFO [main] LogReport:33 - Searching the iPhone
2019-11-08 12:40:23,668  INFO [main] LogReport:33 - Searching for MacBook Air and validating the product details
2019-11-08 12:40:23,673  INFO [main] LogReport:33 - Searching the MacBook Air
2019-11-08 12:42:01,497  INFO [main] LogReport:33 - Homepage is invoking
2019-11-08 12:42:01,539  INFO [main] LogReport:33 - Page Redirection Validation pass:The Ninja Store and The Ninja Store match
2019-11-08 12:42:01,539  INFO [main] LogReport:33 - HomePage validate successfull
2019-11-08 12:42:02,703  INFO [main] LogReport:33 - Searching for iPhone and validating the product details
2019-11-08 12:42:02,704  INFO [main] LogReport:33 - Searching the iPhone
2019-11-08 12:42:09,062  INFO [main] LogReport:33 - Searching for MacBook Air and validating the product details
2019-11-08 12:42:09,062  INFO [main] LogReport:33 - Searching the MacBook Air
2019-11-08 12:43:37,632  INFO [main] LogReport:33 - Homepage is invoking
2019-11-08 12:43:37,671  INFO [main] LogReport:33 - Page Redirection Validation pass:The Ninja Store and The Ninja Store match
2019-11-08 12:43:37,671  INFO [main] LogReport:33 - HomePage validate successfull
2019-11-08 12:43:38,894  INFO [main] LogReport:33 - Searching for iPhone and validating the product details
2019-11-08 12:43:38,896  INFO [main] LogReport:33 - Searching the iPhone
2019-11-08 12:43:44,070  INFO [main] LogReport:33 - Searching for MacBook Air and validating the product details
2019-11-08 12:43:44,070  INFO [main] LogReport:33 - Searching the MacBook Air
2019-11-08 12:46:03,868  INFO [main] LogReport:33 - Homepage is invoking
2019-11-08 12:46:03,922  INFO [main] LogReport:33 - Page Redirection Validation pass:The Ninja Store and The Ninja Store match
2019-11-08 12:46:03,923  INFO [main] LogReport:33 - HomePage validate successfull
2019-11-08 12:46:05,049  INFO [main] LogReport:33 - Searching for iPhone and validating the product details
2019-11-08 12:46:05,050  INFO [main] LogReport:33 - Searching the iPhone
2019-11-08 12:46:11,750  INFO [main] LogReport:33 - Searching for MacBook Air and validating the product details
2019-11-08 12:46:11,751  INFO [main] LogReport:33 - Searching the MacBook Air
2019-11-08 12:47:39,704  INFO [main] LogReport:33 - Homepage is invoking
2019-11-08 12:47:39,732  INFO [main] LogReport:33 - Page Redirection Validation pass:The Ninja Store and The Ninja Store match
2019-11-08 12:47:39,732  INFO [main] LogReport:33 - HomePage validate successfull
2019-11-08 12:47:41,016  INFO [main] LogReport:33 - Searching for iPhone and validating the product details
2019-11-08 12:47:41,017  INFO [main] LogReport:33 - Searching the iPhone
2019-11-08 12:47:52,943  INFO [main] LogReport:33 - Searching for MacBook Air and validating the product details
2019-11-08 12:47:52,943  INFO [main] LogReport:33 - Searching the MacBook Air
2019-11-08 12:49:04,114  INFO [main] LogReport:33 - Homepage is invoking
2019-11-08 12:49:04,158  INFO [main] LogReport:33 - Page Redirection Validation pass:The Ninja Store and The Ninja Store match
2019-11-08 12:49:04,159  INFO [main] LogReport:33 - HomePage validate successfull
2019-11-08 12:49:05,353  INFO [main] LogReport:33 - Searching for iPhone and validating the product details
2019-11-08 12:49:05,353  INFO [main] LogReport:33 - Searching the iPhone
2019-11-08 12:49:20,125  INFO [main] LogReport:33 - Searching for MacBook Air and validating the product details
2019-11-08 12:49:20,128  INFO [main] LogReport:33 - Searching the MacBook Air
2019-11-08 12:50:47,240  INFO [main] LogReport:33 - Homepage is invoking
2019-11-08 12:50:47,273  INFO [main] LogReport:33 - Page Redirection Validation pass:The Ninja Store and The Ninja Store match
2019-11-08 12:50:47,273  INFO [main] LogReport:33 - HomePage validate successfull
2019-11-08 12:50:48,426  INFO [main] LogReport:33 - Searching for iPhone and validating the product details
2019-11-08 12:50:48,435  INFO [main] LogReport:33 - Searching the iPhone
2019-11-08 12:51:03,559  INFO [main] LogReport:33 - iPhone searching successfully
2019-11-08 12:51:03,559  INFO [main] LogReport:33 - product name validation
2019-11-08 12:51:03,761  INFO [main] LogReport:33 - product price validation
2019-11-08 12:51:03,879  INFO [main] LogReport:33 - Searching for MacBook Air and validating the product details
2019-11-08 12:51:03,880  INFO [main] LogReport:33 - Searching the MacBook Air
2019-11-08 12:51:18,790  INFO [main] LogReport:33 - MacBook Air searching successfully
2019-11-08 12:51:18,791  INFO [main] LogReport:33 - product name validation
2019-11-08 12:51:18,882  INFO [main] LogReport:33 - product price validation
2019-11-08 12:55:02,155  INFO [main] LogReport:33 - Homepage is invoking
2019-11-08 12:55:02,183  INFO [main] LogReport:33 - Page Redirection Validation pass:The Ninja Store and The Ninja Store match
2019-11-08 12:55:02,183  INFO [main] LogReport:33 - HomePage validate successfull
2019-11-08 12:55:03,115  INFO [main] LogReport:33 - Searching for iPhone and validating the product details
2019-11-08 12:55:03,115  INFO [main] LogReport:33 - Searching the iPhone
2019-11-08 12:55:20,739  INFO [main] LogReport:33 - iPhone searching successfully
2019-11-08 12:55:20,739  INFO [main] LogReport:33 - product name validation
2019-11-08 12:55:20,822  INFO [main] LogReport:33 - product price validation
2019-11-08 12:55:20,907  INFO [main] LogReport:33 - product ex-tax validation
2019-11-08 12:55:20,981  INFO [main] LogReport:33 - select product quantity
2019-11-08 12:55:21,147  INFO [main] LogReport:33 - Product add to the cart
2019-11-08 12:55:22,650  INFO [main] LogReport:33 - Searching for MacBook Air and validating the product details
2019-11-08 12:55:22,651  INFO [main] LogReport:33 - Searching the MacBook Air
2019-11-08 12:55:38,804  INFO [main] LogReport:33 - MacBook Air searching successfully
2019-11-08 12:55:38,804  INFO [main] LogReport:33 - product name validation
2019-11-08 12:55:38,922  INFO [main] LogReport:33 - product price validation
2019-11-08 12:55:39,000  INFO [main] LogReport:33 - product ex-tax validation
2019-11-08 12:55:39,076  INFO [main] LogReport:33 - select product quantity
2019-11-08 12:55:39,231  INFO [main] LogReport:33 - Product add to the cart
2019-11-08 12:57:48,144  INFO [main] LogReport:33 - Homepage is invoking
2019-11-08 12:57:48,217  INFO [main] LogReport:33 - Page Redirection Validation pass:The Ninja Store and The Ninja Store match
2019-11-08 12:57:48,218  INFO [main] LogReport:33 - HomePage validate successfull
2019-11-08 12:57:49,194  INFO [main] LogReport:33 - Searching for iPhone and validating the product details
2019-11-08 12:57:49,195  INFO [main] LogReport:33 - Searching the iPhone
2019-11-08 12:57:56,565  INFO [main] LogReport:33 - Searching for MacBook Air and validating the product details
2019-11-08 12:57:56,567  INFO [main] LogReport:33 - Searching the MacBook Air
2019-11-08 12:58:52,774  INFO [main] LogReport:33 - Homepage is invoking
2019-11-08 12:58:52,812  INFO [main] LogReport:33 - Page Redirection Validation pass:The Ninja Store and The Ninja Store match
2019-11-08 12:58:52,812  INFO [main] LogReport:33 - HomePage validate successfull
2019-11-08 12:58:53,823  INFO [main] LogReport:33 - Searching for iPhone and validating the product details
2019-11-08 12:58:53,824  INFO [main] LogReport:33 - Searching the iPhone
2019-11-08 12:59:09,242  INFO [main] LogReport:33 - iPhone searching successfully
2019-11-08 12:59:09,244  INFO [main] LogReport:33 - product name validation
2019-11-08 12:59:09,356  INFO [main] LogReport:33 - Searching for MacBook Air and validating the product details
2019-11-08 12:59:09,357  INFO [main] LogReport:33 - Searching the MacBook Air
2019-11-08 12:59:22,600  INFO [main] LogReport:33 - MacBook Air searching successfully
2019-11-08 12:59:22,601  INFO [main] LogReport:33 - product name validation
2019-11-08 12:59:53,786  INFO [main] LogReport:33 - Homepage is invoking
2019-11-08 12:59:53,820  INFO [main] LogReport:33 - Page Redirection Validation pass:The Ninja Store and The Ninja Store match
2019-11-08 12:59:53,821  INFO [main] LogReport:33 - HomePage validate successfull
2019-11-08 12:59:54,859  INFO [main] LogReport:33 - Searching for iPhone and validating the product details
2019-11-08 12:59:54,860  INFO [main] LogReport:33 - Searching the iPhone
2019-11-08 13:00:12,731  INFO [main] LogReport:33 - iPhone searching successfully
2019-11-08 13:00:12,731  INFO [main] LogReport:33 - product name validation
2019-11-08 13:00:12,809  INFO [main] LogReport:33 - product price validation
2019-11-08 13:00:12,945  INFO [main] LogReport:33 - product ex-tax validation
2019-11-08 13:00:13,026  INFO [main] LogReport:33 - select product quantity
2019-11-08 13:00:13,318  INFO [main] LogReport:33 - Product add to the cart
2019-11-08 13:00:14,342  INFO [main] LogReport:33 - Searching for MacBook Air and validating the product details
2019-11-08 13:00:14,343  INFO [main] LogReport:33 - Searching the MacBook Air
2019-11-08 13:00:30,518  INFO [main] LogReport:33 - MacBook Air searching successfully
2019-11-08 13:00:30,518  INFO [main] LogReport:33 - product name validation
2019-11-08 13:00:30,599  INFO [main] LogReport:33 - product price validation
2019-11-08 13:00:30,679  INFO [main] LogReport:33 - product ex-tax validation
2019-11-08 13:00:30,758  INFO [main] LogReport:33 - select product quantity
2019-11-08 13:00:31,033  INFO [main] LogReport:33 - Product add to the cart
2019-11-08 13:20:00,669  INFO [main] LogReport:33 - Homepage is invoking
2019-11-08 13:20:00,692  INFO [main] LogReport:33 - Page Redirection Validation pass:The Ninja Store and The Ninja Store match
2019-11-08 13:20:00,693  INFO [main] LogReport:33 - HomePage validate successfull
2019-11-08 13:20:01,647  INFO [main] LogReport:33 - Searching for iPhone and validating the product details
2019-11-08 13:20:01,648  INFO [main] LogReport:33 - Searching the iPhone
2019-11-08 13:20:06,248  INFO [main] LogReport:33 - iPhone searching successfully
2019-11-08 13:20:06,248  INFO [main] LogReport:33 - product name validation
2019-11-08 13:20:06,342  INFO [main] LogReport:33 - Validation pass:iPhone and iPhone match
2019-11-08 13:20:06,342  INFO [main] LogReport:33 - product price validation
2019-11-08 13:20:06,426  INFO [main] LogReport:33 - Validation pass:$123.20 and $123.20 match
2019-11-08 13:20:06,427  INFO [main] LogReport:33 - product ex-tax validation
2019-11-08 13:20:06,512  INFO [main] LogReport:33 - Validation pass:Ex Tax: $101.00 and Ex Tax: $101.00 match
2019-11-08 13:20:06,512  INFO [main] LogReport:33 - select product quantity
2019-11-08 13:20:06,785  INFO [main] LogReport:33 - Product add to the cart
2019-11-08 13:20:07,948  INFO [main] LogReport:33 - Searching for MacBook Air and validating the product details
2019-11-08 13:20:07,949  INFO [main] LogReport:33 - Searching the MacBook Air
2019-11-08 13:20:10,624  INFO [main] LogReport:33 - MacBook Air searching successfully
2019-11-08 13:20:10,624  INFO [main] LogReport:33 - product name validation
2019-11-08 13:20:10,739  INFO [main] LogReport:33 - Validation pass:MacBook Air and MacBook Air match
2019-11-08 13:20:10,740  INFO [main] LogReport:33 - product price validation
2019-11-08 13:20:10,896  INFO [main] LogReport:33 - Validation pass:$1,202.00 and $1,202.00 match
2019-11-08 13:20:10,896  INFO [main] LogReport:33 - product ex-tax validation
2019-11-08 13:20:11,022  INFO [main] LogReport:33 - Validation pass:Ex Tax: $1,000.00 and Ex Tax: $1,000.00 match
2019-11-08 13:20:11,022  INFO [main] LogReport:33 - select product quantity
2019-11-08 13:20:11,299  INFO [main] LogReport:33 - Product add to the cart
2019-11-08 13:22:05,489  INFO [main] LogReport:33 - Homepage is invoking
2019-11-08 13:22:05,518  INFO [main] LogReport:33 - Page Redirection Validation pass:The Ninja Store and The Ninja Store match
2019-11-08 13:22:05,519  INFO [main] LogReport:33 - HomePage validate successfull
2019-11-08 13:22:06,612  INFO [main] LogReport:33 - Searching for iPhone and validating the product details
2019-11-08 13:22:06,613  INFO [main] LogReport:33 - Searching the iPhone
2019-11-08 13:22:10,748  INFO [main] LogReport:33 - iPhone searching successfully
2019-11-08 13:22:10,749  INFO [main] LogReport:33 - product name validation
2019-11-08 13:22:10,833  INFO [main] LogReport:33 - Validation pass:iPhone and iPhone match
2019-11-08 13:22:10,834  INFO [main] LogReport:33 - product price validation
2019-11-08 13:22:10,913  INFO [main] LogReport:33 - Validation pass:$123.20 and $123.20 match
2019-11-08 13:22:10,914  INFO [main] LogReport:33 - product ex-tax validation
2019-11-08 13:22:10,997  INFO [main] LogReport:33 - Validation pass:Ex Tax: $101.00 and Ex Tax: $101.00 match
2019-11-08 13:22:10,998  INFO [main] LogReport:33 - select product quantity
2019-11-08 13:22:11,295  INFO [main] LogReport:33 - Product add to the cart
2019-11-08 13:22:12,468  INFO [main] LogReport:33 - Searching for MacBook Air and validating the product details
2019-11-08 13:22:12,469  INFO [main] LogReport:33 - Searching the MacBook Air
2019-11-08 13:22:15,059  INFO [main] LogReport:33 - MacBook Air searching successfully
2019-11-08 13:22:15,060  INFO [main] LogReport:33 - product name validation
2019-11-08 13:22:15,132  INFO [main] LogReport:33 - Validation pass:MacBook Air and MacBook Air match
2019-11-08 13:22:15,133  INFO [main] LogReport:33 - product price validation
2019-11-08 13:22:15,211  INFO [main] LogReport:33 - Validation pass:$1,202.00 and $1,202.00 match
2019-11-08 13:22:15,211  INFO [main] LogReport:33 - product ex-tax validation
2019-11-08 13:22:15,287  INFO [main] LogReport:33 - Validation pass:Ex Tax: $1,000.00 and Ex Tax: $1,000.00 match
2019-11-08 13:22:15,288  INFO [main] LogReport:33 - select product quantity
2019-11-08 13:22:15,561  INFO [main] LogReport:33 - Product add to the cart
2019-11-08 13:22:17,646  INFO [main] LogReport:33 - Grand total before updating the quantity
2019-11-08 13:23:40,035  INFO [main] LogReport:33 - Homepage is invoking
2019-11-08 13:23:40,069  INFO [main] LogReport:33 - Page Redirection Validation pass:The Ninja Store and The Ninja Store match
2019-11-08 13:23:40,070  INFO [main] LogReport:33 - HomePage validate successfull
2019-11-08 13:23:41,175  INFO [main] LogReport:33 - Searching for iPhone and validating the product details
2019-11-08 13:23:41,184  INFO [main] LogReport:33 - Searching the iPhone
2019-11-08 13:23:45,633  INFO [main] LogReport:33 - iPhone searching successfully
2019-11-08 13:23:45,634  INFO [main] LogReport:33 - product name validation
2019-11-08 13:23:45,733  INFO [main] LogReport:33 - Validation pass:iPhone and iPhone match
2019-11-08 13:23:45,734  INFO [main] LogReport:33 - product price validation
2019-11-08 13:23:45,841  INFO [main] LogReport:33 - Validation pass:$123.20 and $123.20 match
2019-11-08 13:23:45,842  INFO [main] LogReport:33 - product ex-tax validation
2019-11-08 13:23:45,938  INFO [main] LogReport:33 - Validation pass:Ex Tax: $101.00 and Ex Tax: $101.00 match
2019-11-08 13:23:45,938  INFO [main] LogReport:33 - select product quantity
2019-11-08 13:23:46,260  INFO [main] LogReport:33 - Product add to the cart
2019-11-08 13:23:47,547  INFO [main] LogReport:33 - Searching for MacBook Air and validating the product details
2019-11-08 13:23:47,548  INFO [main] LogReport:33 - Searching the MacBook Air
2019-11-08 13:23:50,196  INFO [main] LogReport:33 - MacBook Air searching successfully
2019-11-08 13:23:50,197  INFO [main] LogReport:33 - product name validation
2019-11-08 13:23:50,277  INFO [main] LogReport:33 - Validation pass:MacBook Air and MacBook Air match
2019-11-08 13:23:50,278  INFO [main] LogReport:33 - product price validation
2019-11-08 13:23:50,358  INFO [main] LogReport:33 - Validation pass:$1,202.00 and $1,202.00 match
2019-11-08 13:23:50,359  INFO [main] LogReport:33 - product ex-tax validation
2019-11-08 13:23:50,431  INFO [main] LogReport:33 - Validation pass:Ex Tax: $1,000.00 and Ex Tax: $1,000.00 match
2019-11-08 13:23:50,432  INFO [main] LogReport:33 - select product quantity
2019-11-08 13:23:50,703  INFO [main] LogReport:33 - Product add to the cart
2019-11-08 13:23:52,781  INFO [main] LogReport:33 - Grand total before updating the quantity
2019-11-08 13:25:16,996  INFO [main] LogReport:33 - Homepage is invoking
2019-11-08 13:25:17,024  INFO [main] LogReport:33 - Page Redirection Validation pass:The Ninja Store and The Ninja Store match
2019-11-08 13:25:17,025  INFO [main] LogReport:33 - HomePage validate successfull
2019-11-08 13:25:17,964  INFO [main] LogReport:33 - Searching for iPhone and validating the product details
2019-11-08 13:25:17,965  INFO [main] LogReport:33 - Searching the iPhone
2019-11-08 13:25:21,918  INFO [main] LogReport:33 - iPhone searching successfully
2019-11-08 13:25:21,920  INFO [main] LogReport:33 - product name validation
2019-11-08 13:25:22,025  INFO [main] LogReport:33 - Validation pass:iPhone and iPhone match
2019-11-08 13:25:22,026  INFO [main] LogReport:33 - product price validation
2019-11-08 13:25:22,116  INFO [main] LogReport:33 - Validation pass:$123.20 and $123.20 match
2019-11-08 13:25:22,117  INFO [main] LogReport:33 - product ex-tax validation
2019-11-08 13:25:22,211  INFO [main] LogReport:33 - Validation pass:Ex Tax: $101.00 and Ex Tax: $101.00 match
2019-11-08 13:25:22,212  INFO [main] LogReport:33 - select product quantity
2019-11-08 13:25:22,532  INFO [main] LogReport:33 - Product add to the cart
2019-11-08 13:25:23,738  INFO [main] LogReport:33 - Searching for MacBook Air and validating the product details
2019-11-08 13:25:23,739  INFO [main] LogReport:33 - Searching the MacBook Air
2019-11-08 13:25:26,283  INFO [main] LogReport:33 - MacBook Air searching successfully
2019-11-08 13:25:26,284  INFO [main] LogReport:33 - product name validation
2019-11-08 13:25:26,377  INFO [main] LogReport:33 - Validation pass:MacBook Air and MacBook Air match
2019-11-08 13:25:26,378  INFO [main] LogReport:33 - product price validation
2019-11-08 13:25:26,462  INFO [main] LogReport:33 - Validation pass:$1,202.00 and $1,202.00 match
2019-11-08 13:25:26,462  INFO [main] LogReport:33 - product ex-tax validation
2019-11-08 13:25:26,534  INFO [main] LogReport:33 - Validation pass:Ex Tax: $1,000.00 and Ex Tax: $1,000.00 match
2019-11-08 13:25:26,535  INFO [main] LogReport:33 - select product quantity
2019-11-08 13:25:26,948  INFO [main] LogReport:33 - Product add to the cart
2019-11-08 13:25:28,958  INFO [main] LogReport:33 - Grand total before updating the quantity
2019-11-08 13:27:03,182  INFO [main] LogReport:33 - Homepage is invoking
2019-11-08 13:27:03,214  INFO [main] LogReport:33 - Page Redirection Validation pass:The Ninja Store and The Ninja Store match
2019-11-08 13:27:03,215  INFO [main] LogReport:33 - HomePage validate successfull
2019-11-08 13:27:04,312  INFO [main] LogReport:33 - Searching for iPhone and validating the product details
2019-11-08 13:27:04,313  INFO [main] LogReport:33 - Searching the iPhone
2019-11-08 13:27:08,742  INFO [main] LogReport:33 - iPhone searching successfully
2019-11-08 13:27:08,743  INFO [main] LogReport:33 - product name validation
2019-11-08 13:27:08,838  INFO [main] LogReport:33 - Validation pass:iPhone and iPhone match
2019-11-08 13:27:08,838  INFO [main] LogReport:33 - product price validation
2019-11-08 13:27:08,931  INFO [main] LogReport:33 - Validation pass:$123.20 and $123.20 match
2019-11-08 13:27:08,932  INFO [main] LogReport:33 - product ex-tax validation
2019-11-08 13:27:09,036  INFO [main] LogReport:33 - Validation pass:Ex Tax: $101.00 and Ex Tax: $101.00 match
2019-11-08 13:27:09,037  INFO [main] LogReport:33 - select product quantity
2019-11-08 13:27:09,385  INFO [main] LogReport:33 - Product add to the cart
2019-11-08 13:27:10,733  INFO [main] LogReport:33 - Searching for MacBook Air and validating the product details
2019-11-08 13:27:10,734  INFO [main] LogReport:33 - Searching the MacBook Air
2019-11-08 13:27:13,498  INFO [main] LogReport:33 - MacBook Air searching successfully
2019-11-08 13:27:13,498  INFO [main] LogReport:33 - product name validation
2019-11-08 13:27:13,575  INFO [main] LogReport:33 - Validation pass:MacBook Air and MacBook Air match
2019-11-08 13:27:13,576  INFO [main] LogReport:33 - product price validation
2019-11-08 13:27:13,670  INFO [main] LogReport:33 - Validation pass:$1,202.00 and $1,202.00 match
2019-11-08 13:27:13,670  INFO [main] LogReport:33 - product ex-tax validation
2019-11-08 13:27:13,800  INFO [main] LogReport:33 - Validation pass:Ex Tax: $1,000.00 and Ex Tax: $1,000.00 match
2019-11-08 13:27:13,801  INFO [main] LogReport:33 - select product quantity
2019-11-08 13:27:14,277  INFO [main] LogReport:33 - Product add to the cart
2019-11-08 13:27:16,338  INFO [main] LogReport:33 - Grand total before updating the quantity
2019-11-08 13:29:48,472  INFO [main] LogReport:33 - Homepage is invoking
2019-11-08 13:29:48,501  INFO [main] LogReport:33 - Page Redirection Validation pass:The Ninja Store and The Ninja Store match
2019-11-08 13:29:48,501  INFO [main] LogReport:33 - HomePage validate successfull
2019-11-08 13:29:49,441  INFO [main] LogReport:33 - Searching for iPhone and validating the product details
2019-11-08 13:29:49,442  INFO [main] LogReport:33 - Searching the iPhone
2019-11-08 13:29:53,412  INFO [main] LogReport:33 - iPhone searching successfully
2019-11-08 13:29:53,413  INFO [main] LogReport:33 - product name validation
2019-11-08 13:29:53,504  INFO [main] LogReport:33 - Validation pass:iPhone and iPhone match
2019-11-08 13:29:53,505  INFO [main] LogReport:33 - product price validation
2019-11-08 13:29:53,588  INFO [main] LogReport:33 - Validation pass:$123.20 and $123.20 match
2019-11-08 13:29:53,588  INFO [main] LogReport:33 - product ex-tax validation
2019-11-08 13:29:53,671  INFO [main] LogReport:33 - Validation pass:Ex Tax: $101.00 and Ex Tax: $101.00 match
2019-11-08 13:29:53,672  INFO [main] LogReport:33 - select product quantity
2019-11-08 13:29:53,958  INFO [main] LogReport:33 - Product add to the cart
2019-11-08 13:29:55,131  INFO [main] LogReport:33 - Searching for MacBook Air and validating the product details
2019-11-08 13:29:55,133  INFO [main] LogReport:33 - Searching the MacBook Air
2019-11-08 13:29:57,742  INFO [main] LogReport:33 - MacBook Air searching successfully
2019-11-08 13:29:57,742  INFO [main] LogReport:33 - product name validation
2019-11-08 13:29:57,832  INFO [main] LogReport:33 - Validation pass:MacBook Air and MacBook Air match
2019-11-08 13:29:57,833  INFO [main] LogReport:33 - product price validation
2019-11-08 13:29:57,908  INFO [main] LogReport:33 - Validation pass:$1,202.00 and $1,202.00 match
2019-11-08 13:29:57,909  INFO [main] LogReport:33 - product ex-tax validation
2019-11-08 13:29:57,981  INFO [main] LogReport:33 - Validation pass:Ex Tax: $1,000.00 and Ex Tax: $1,000.00 match
2019-11-08 13:29:57,981  INFO [main] LogReport:33 - select product quantity
2019-11-08 13:29:58,274  INFO [main] LogReport:33 - Product add to the cart
2019-11-08 13:30:00,260  INFO [main] LogReport:33 - Grand total before updating the quantity
2019-11-08 13:34:19,996  INFO [main] LogReport:33 - Homepage is invoking
2019-11-08 13:34:20,027  INFO [main] LogReport:33 - Page Redirection Validation pass:The Ninja Store and The Ninja Store match
2019-11-08 13:34:20,028  INFO [main] LogReport:33 - HomePage validate successfull
2019-11-08 13:34:21,274  INFO [main] LogReport:33 - Searching for iPhone and validating the product details
2019-11-08 13:34:21,275  INFO [main] LogReport:33 - Searching the iPhone
2019-11-08 13:34:25,723  INFO [main] LogReport:33 - iPhone searching successfully
2019-11-08 13:34:25,723  INFO [main] LogReport:33 - product name validation
2019-11-08 13:34:25,838  INFO [main] LogReport:33 - Validation pass:iPhone and iPhone match
2019-11-08 13:34:25,839  INFO [main] LogReport:33 - product price validation
2019-11-08 13:34:25,943  INFO [main] LogReport:33 - Validation pass:$123.20 and $123.20 match
2019-11-08 13:34:25,944  INFO [main] LogReport:33 - product ex-tax validation
2019-11-08 13:34:26,047  INFO [main] LogReport:33 - Validation pass:Ex Tax: $101.00 and Ex Tax: $101.00 match
2019-11-08 13:34:26,048  INFO [main] LogReport:33 - select product quantity
2019-11-08 13:34:26,388  INFO [main] LogReport:33 - Product add to the cart
2019-11-08 13:34:27,674  INFO [main] LogReport:33 - Searching for MacBook Air and validating the product details
2019-11-08 13:34:27,675  INFO [main] LogReport:33 - Searching the MacBook Air
2019-11-08 13:34:30,692  INFO [main] LogReport:33 - MacBook Air searching successfully
2019-11-08 13:34:30,692  INFO [main] LogReport:33 - product name validation
2019-11-08 13:34:30,800  INFO [main] LogReport:33 - Validation pass:MacBook Air and MacBook Air match
2019-11-08 13:34:30,801  INFO [main] LogReport:33 - product price validation
2019-11-08 13:34:30,912  INFO [main] LogReport:33 - Validation pass:$1,202.00 and $1,202.00 match
2019-11-08 13:34:30,913  INFO [main] LogReport:33 - product ex-tax validation
2019-11-08 13:34:31,060  INFO [main] LogReport:33 - Validation pass:Ex Tax: $1,000.00 and Ex Tax: $1,000.00 match
2019-11-08 13:34:31,061  INFO [main] LogReport:33 - select product quantity
2019-11-08 13:34:31,339  INFO [main] LogReport:33 - Product add to the cart
2019-11-08 13:34:33,293  INFO [main] LogReport:33 - Grand total before updating the quantity
2019-11-08 13:40:51,807  INFO [main] LogReport:33 - Homepage is invoking
2019-11-08 13:40:51,839  INFO [main] LogReport:33 - Page Redirection Validation pass:The Ninja Store and The Ninja Store match
2019-11-08 13:40:51,840  INFO [main] LogReport:33 - HomePage validate successfull
2019-11-08 13:40:52,979  INFO [main] LogReport:33 - Searching for iPhone and validating the product details
2019-11-08 13:40:52,980  INFO [main] LogReport:33 - Searching the iPhone
2019-11-08 13:40:57,411  INFO [main] LogReport:33 - iPhone searching successfully
2019-11-08 13:40:57,412  INFO [main] LogReport:33 - product name validation
2019-11-08 13:40:57,537  INFO [main] LogReport:33 - Validation pass:iPhone and iPhone match
2019-11-08 13:40:57,538  INFO [main] LogReport:33 - product price validation
2019-11-08 13:40:57,643  INFO [main] LogReport:33 - Validation pass:$123.20 and $123.20 match
2019-11-08 13:40:57,643  INFO [main] LogReport:33 - product ex-tax validation
2019-11-08 13:40:57,746  INFO [main] LogReport:33 - Validation pass:Ex Tax: $101.00 and Ex Tax: $101.00 match
2019-11-08 13:40:57,746  INFO [main] LogReport:33 - select product quantity
2019-11-08 13:40:58,129  INFO [main] LogReport:33 - Product add to the cart
2019-11-08 13:40:59,396  INFO [main] LogReport:33 - Searching for MacBook Air and validating the product details
2019-11-08 13:40:59,397  INFO [main] LogReport:33 - Searching the MacBook Air
2019-11-08 13:41:02,106  INFO [main] LogReport:33 - MacBook Air searching successfully
2019-11-08 13:41:02,107  INFO [main] LogReport:33 - product name validation
2019-11-08 13:41:02,194  INFO [main] LogReport:33 - Validation pass:MacBook Air and MacBook Air match
2019-11-08 13:41:02,194  INFO [main] LogReport:33 - product price validation
2019-11-08 13:41:02,268  INFO [main] LogReport:33 - Validation pass:$1,202.00 and $1,202.00 match
2019-11-08 13:41:02,269  INFO [main] LogReport:33 - product ex-tax validation
2019-11-08 13:41:02,346  INFO [main] LogReport:33 - Validation pass:Ex Tax: $1,000.00 and Ex Tax: $1,000.00 match
2019-11-08 13:41:02,347  INFO [main] LogReport:33 - select product quantity
2019-11-08 13:41:02,609  INFO [main] LogReport:33 - Product add to the cart
2019-11-08 13:41:04,744  INFO [main] LogReport:33 - Grand total before updating the quantity
2019-11-08 13:43:56,893  INFO [main] LogReport:33 - Homepage is invoking
2019-11-08 13:43:56,925  INFO [main] LogReport:33 - Page Redirection Validation pass:The Ninja Store and The Ninja Store match
2019-11-08 13:43:56,925  INFO [main] LogReport:33 - HomePage validate successfull
2019-11-08 13:43:57,931  INFO [main] LogReport:33 - Searching for iPhone and validating the product details
2019-11-08 13:43:57,932  INFO [main] LogReport:33 - Searching the iPhone
2019-11-08 13:44:00,761  INFO [main] LogReport:33 - iPhone searching successfully
2019-11-08 13:44:00,762  INFO [main] LogReport:33 - product name validation
2019-11-08 13:44:00,838  INFO [main] LogReport:33 - Searching for MacBook Air and validating the product details
2019-11-08 13:44:00,839  INFO [main] LogReport:33 - Searching the MacBook Air
2019-11-08 13:44:01,026  INFO [main] LogReport:33 - MacBook Air searching successfully
2019-11-08 13:44:01,026  INFO [main] LogReport:33 - product name validation
2019-11-08 13:44:01,124  INFO [main] LogReport:33 - Grand total before updating the quantity
2019-11-08 13:45:46,801  INFO [main] LogReport:33 - Homepage is invoking
2019-11-08 13:45:46,830  INFO [main] LogReport:33 - Page Redirection Validation pass:The Ninja Store and The Ninja Store match
2019-11-08 13:45:46,831  INFO [main] LogReport:33 - HomePage validate successfull
2019-11-08 13:45:47,835  INFO [main] LogReport:33 - Searching for iPhone and validating the product details
2019-11-08 13:45:47,836  INFO [main] LogReport:33 - Searching the iPhone
2019-11-08 13:45:50,548  INFO [main] LogReport:33 - iPhone searching successfully
2019-11-08 13:45:50,549  INFO [main] LogReport:33 - product name validation
2019-11-08 13:45:50,632  INFO [main] LogReport:33 - Searching for MacBook Air and validating the product details
2019-11-08 13:45:50,633  INFO [main] LogReport:33 - Searching the MacBook Air
2019-11-08 13:45:50,855  INFO [main] LogReport:33 - MacBook Air searching successfully
2019-11-08 13:45:50,855  INFO [main] LogReport:33 - product name validation
2019-11-08 13:45:50,984  INFO [main] LogReport:33 - Grand total before updating the quantity
2019-11-08 13:48:55,437  INFO [main] LogReport:33 - Homepage is invoking
2019-11-08 13:48:55,490  INFO [main] LogReport:33 - Page Redirection Validation pass:The Ninja Store and The Ninja Store match
2019-11-08 13:48:55,490  INFO [main] LogReport:33 - HomePage validate successfull
2019-11-08 13:48:56,503  INFO [main] LogReport:33 - Searching for iPhone and validating the product details
2019-11-08 13:48:56,503  INFO [main] LogReport:33 - Searching the iPhone
2019-11-08 13:49:29,117  INFO [main] LogReport:33 - iPhone searching successfully
2019-11-08 13:49:29,117  INFO [main] LogReport:33 - product name validation
2019-11-08 13:49:29,242  INFO [main] LogReport:33 - Searching for MacBook Air and validating the product details
2019-11-08 13:49:29,242  INFO [main] LogReport:33 - Searching the MacBook Air
2019-11-08 13:49:29,492  INFO [main] LogReport:33 - MacBook Air searching successfully
2019-11-08 13:49:29,492  INFO [main] LogReport:33 - product name validation
2019-11-08 13:49:29,637  INFO [main] LogReport:33 - Grand total before updating the quantity
2019-11-08 13:51:37,624  INFO [main] LogReport:33 - Homepage is invoking
2019-11-08 13:51:37,664  INFO [main] LogReport:33 - Page Redirection Validation pass:The Ninja Store and The Ninja Store match
2019-11-08 13:51:37,665  INFO [main] LogReport:33 - HomePage validate successfull
2019-11-08 13:51:38,683  INFO [main] LogReport:33 - Searching for iPhone and validating the product details
2019-11-08 13:51:38,683  INFO [main] LogReport:33 - Searching the iPhone
2019-11-08 13:51:41,102  INFO [main] LogReport:33 - iPhone searching successfully
2019-11-08 13:51:41,102  INFO [main] LogReport:33 - product name validation
2019-11-08 13:51:41,180  INFO [main] LogReport:33 - Searching for MacBook Air and validating the product details
2019-11-08 13:51:41,180  INFO [main] LogReport:33 - Searching the MacBook Air
2019-11-08 13:51:41,446  INFO [main] LogReport:33 - MacBook Air searching successfully
2019-11-08 13:51:41,446  INFO [main] LogReport:33 - product name validation
2019-11-08 13:51:41,555  INFO [main] LogReport:33 - Grand total before updating the quantity
2019-11-08 13:53:40,585  INFO [main] LogReport:33 - Homepage is invoking
2019-11-08 13:53:40,615  INFO [main] LogReport:33 - Page Redirection Validation pass:The Ninja Store and The Ninja Store match
2019-11-08 13:53:40,615  INFO [main] LogReport:33 - HomePage validate successfull
2019-11-08 13:53:41,621  INFO [main] LogReport:33 - Searching for iPhone and validating the product details
2019-11-08 13:53:41,625  INFO [main] LogReport:33 - Searching the iPhone
2019-11-08 13:53:44,049  INFO [main] LogReport:33 - Searching for MacBook Air and validating the product details
2019-11-08 13:53:44,049  INFO [main] LogReport:33 - Searching the MacBook Air
2019-11-08 13:53:44,299  INFO [main] LogReport:33 - Grand total before updating the quantity
2019-11-08 13:56:36,580  INFO [main] LogReport:33 - Homepage is invoking
2019-11-08 13:56:37,700  INFO [main] LogReport:33 - Searching for iPhone and validating the product details
2019-11-08 13:56:37,702  INFO [main] LogReport:33 - Searching the iPhone
2019-11-08 13:56:37,974  INFO [main] LogReport:33 - iPhone searching successfully
2019-11-08 13:56:37,975  INFO [main] LogReport:33 - product name validation
2019-11-08 13:56:38,044  INFO [main] LogReport:33 - Searching for MacBook Air and validating the product details
2019-11-08 13:56:38,044  INFO [main] LogReport:33 - Searching the MacBook Air
2019-11-08 13:56:38,278  INFO [main] LogReport:33 - MacBook Air searching successfully
2019-11-08 13:56:38,278  INFO [main] LogReport:33 - product name validation
2019-11-08 13:56:38,403  INFO [main] LogReport:33 - Grand total before updating the quantity
2019-11-08 13:57:34,074  INFO [main] LogReport:33 - Homepage is invoking
2019-11-08 13:57:34,107  INFO [main] LogReport:33 - Page Redirection Validation pass:The Ninja Store and The Ninja Store match
2019-11-08 13:57:34,108  INFO [main] LogReport:33 - HomePage validate successfull
2019-11-08 13:57:35,225  INFO [main] LogReport:33 - Searching for iPhone and validating the product details
2019-11-08 13:57:35,226  INFO [main] LogReport:33 - Searching the iPhone
2019-11-08 13:57:39,531  INFO [main] LogReport:33 - iPhone searching successfully
2019-11-08 13:57:39,532  INFO [main] LogReport:33 - product name validation
2019-11-08 13:57:39,624  INFO [main] LogReport:33 - Validation pass:iPhone and iPhone match
2019-11-08 13:57:39,625  INFO [main] LogReport:33 - product price validation
2019-11-08 13:57:39,704  INFO [main] LogReport:33 - Validation pass:$123.20 and $123.20 match
2019-11-08 13:57:39,704  INFO [main] LogReport:33 - product ex-tax validation
2019-11-08 13:57:39,789  INFO [main] LogReport:33 - Validation pass:Ex Tax: $101.00 and Ex Tax: $101.00 match
2019-11-08 13:57:39,790  INFO [main] LogReport:33 - select product quantity
2019-11-08 13:57:40,079  INFO [main] LogReport:33 - Product add to the cart
2019-11-08 13:57:41,278  INFO [main] LogReport:33 - Searching for MacBook Air and validating the product details
2019-11-08 13:57:41,279  INFO [main] LogReport:33 - Searching the MacBook Air
2019-11-08 13:57:44,022  INFO [main] LogReport:33 - MacBook Air searching successfully
2019-11-08 13:57:44,022  INFO [main] LogReport:33 - product name validation
2019-11-08 13:57:44,104  INFO [main] LogReport:33 - Validation pass:MacBook Air and MacBook Air match
2019-11-08 13:57:44,104  INFO [main] LogReport:33 - product price validation
2019-11-08 13:57:44,175  INFO [main] LogReport:33 - Validation pass:$1,202.00 and $1,202.00 match
2019-11-08 13:57:44,175  INFO [main] LogReport:33 - product ex-tax validation
2019-11-08 13:57:44,265  INFO [main] LogReport:33 - Validation pass:Ex Tax: $1,000.00 and Ex Tax: $1,000.00 match
2019-11-08 13:57:44,265  INFO [main] LogReport:33 - select product quantity
2019-11-08 13:57:44,532  INFO [main] LogReport:33 - Product add to the cart
2019-11-08 13:57:46,471  INFO [main] LogReport:33 - Grand total before updating the quantity
2019-11-08 14:00:02,357  INFO [main] LogReport:33 - Homepage is invoking
2019-11-08 14:00:02,388  INFO [main] LogReport:33 - Page Redirection Validation pass:The Ninja Store and The Ninja Store match
2019-11-08 14:00:02,388  INFO [main] LogReport:33 - HomePage validate successfull
2019-11-08 14:00:03,354  INFO [main] LogReport:33 - Searching for iPhone and validating the product details
2019-11-08 14:00:03,354  INFO [main] LogReport:33 - Searching the iPhone
2019-11-08 14:00:07,378  INFO [main] LogReport:33 - iPhone searching successfully
2019-11-08 14:00:07,379  INFO [main] LogReport:33 - product name validation
2019-11-08 14:00:07,471  INFO [main] LogReport:33 - Validation pass:iPhone and iPhone match
2019-11-08 14:00:07,472  INFO [main] LogReport:33 - product price validation
2019-11-08 14:00:07,576  INFO [main] LogReport:33 - Validation pass:$123.20 and $123.20 match
2019-11-08 14:00:07,577  INFO [main] LogReport:33 - product ex-tax validation
2019-11-08 14:00:07,671  INFO [main] LogReport:33 - Validation pass:Ex Tax: $101.00 and Ex Tax: $101.00 match
2019-11-08 14:00:07,672  INFO [main] LogReport:33 - product availabilty validation
2019-11-08 14:00:07,764  INFO [main] LogReport:33 - product Description validation
2019-11-08 14:00:07,844  INFO [main] LogReport:33 - select product quantity
2019-11-08 14:00:08,140  INFO [main] LogReport:33 - Product add to the cart
2019-11-08 14:00:09,333  INFO [main] LogReport:33 - Searching for MacBook Air and validating the product details
2019-11-08 14:00:09,336  INFO [main] LogReport:33 - Searching the MacBook Air
2019-11-08 14:00:12,111  INFO [main] LogReport:33 - MacBook Air searching successfully
2019-11-08 14:00:12,112  INFO [main] LogReport:33 - product name validation
2019-11-08 14:00:12,193  INFO [main] LogReport:33 - Validation pass:MacBook Air and MacBook Air match
2019-11-08 14:00:12,193  INFO [main] LogReport:33 - product price validation
2019-11-08 14:00:12,266  INFO [main] LogReport:33 - Validation pass:$1,202.00 and $1,202.00 match
2019-11-08 14:00:12,267  INFO [main] LogReport:33 - product ex-tax validation
2019-11-08 14:00:12,348  INFO [main] LogReport:33 - Validation pass:Ex Tax: $1,000.00 and Ex Tax: $1,000.00 match
2019-11-08 14:00:12,348  INFO [main] LogReport:33 - product availabilty validation
2019-11-08 14:00:12,436  INFO [main] LogReport:33 - product Description validation
2019-11-08 14:00:13,324  INFO [main] LogReport:33 - Grand total before updating the quantity
2019-11-08 14:02:43,935  INFO [main] LogReport:33 - Homepage is invoking
2019-11-08 14:02:43,975  INFO [main] LogReport:33 - Page Redirection Validation pass:The Ninja Store and The Ninja Store match
2019-11-08 14:02:43,976  INFO [main] LogReport:33 - HomePage validate successfull
2019-11-08 14:02:44,945  INFO [main] LogReport:33 - Searching for iPhone and validating the product details
2019-11-08 14:02:44,946  INFO [main] LogReport:33 - Searching the iPhone
2019-11-08 14:02:48,939  INFO [main] LogReport:33 - iPhone searching successfully
2019-11-08 14:02:48,939  INFO [main] LogReport:33 - product name validation
2019-11-08 14:02:49,027  INFO [main] LogReport:33 - Validation pass:iPhone and iPhone match
2019-11-08 14:02:49,027  INFO [main] LogReport:33 - product price validation
2019-11-08 14:02:49,106  INFO [main] LogReport:33 - Validation pass:$123.20 and $123.20 match
2019-11-08 14:02:49,107  INFO [main] LogReport:33 - product ex-tax validation
2019-11-08 14:02:49,191  INFO [main] LogReport:33 - Validation pass:Ex Tax: $101.00 and Ex Tax: $101.00 match
2019-11-08 14:02:49,191  INFO [main] LogReport:33 - product availabilty validation
2019-11-08 14:02:49,268  INFO [main] LogReport:33 - product Description validation
2019-11-08 14:02:49,354  INFO [main] LogReport:33 - select product quantity
2019-11-08 14:02:49,672  INFO [main] LogReport:33 - Product add to the cart
2019-11-08 14:02:50,876  INFO [main] LogReport:33 - Searching for MacBook Air and validating the product details
2019-11-08 14:02:50,877  INFO [main] LogReport:33 - Searching the MacBook Air
2019-11-08 14:02:53,745  INFO [main] LogReport:33 - MacBook Air searching successfully
2019-11-08 14:02:53,746  INFO [main] LogReport:33 - product name validation
2019-11-08 14:02:53,824  INFO [main] LogReport:33 - Validation pass:MacBook Air and MacBook Air match
2019-11-08 14:02:53,824  INFO [main] LogReport:33 - product price validation
2019-11-08 14:02:53,906  INFO [main] LogReport:33 - Validation pass:$1,202.00 and $1,202.00 match
2019-11-08 14:02:53,907  INFO [main] LogReport:33 - product ex-tax validation
2019-11-08 14:02:53,976  INFO [main] LogReport:33 - Validation pass:Ex Tax: $1,000.00 and Ex Tax: $1,000.00 match
2019-11-08 14:02:53,977  INFO [main] LogReport:33 - product availabilty validation
2019-11-08 14:02:54,056  INFO [main] LogReport:33 - product Description validation
2019-11-08 14:02:54,992  INFO [main] LogReport:33 - Grand total before updating the quantity
2019-11-08 14:08:47,750  INFO [main] LogReport:33 - Homepage is invoking
2019-11-08 14:08:47,779  INFO [main] LogReport:33 - Page Redirection Validation pass:The Ninja Store and The Ninja Store match
2019-11-08 14:08:47,780  INFO [main] LogReport:33 - HomePage validate successfull
2019-11-08 14:08:48,771  INFO [main] LogReport:33 - Searching for iPhone and validating the product details
2019-11-08 14:08:48,772  INFO [main] LogReport:33 - Searching the iPhone
2019-11-08 14:08:52,820  INFO [main] LogReport:33 - iPhone searching successfully
2019-11-08 14:08:52,821  INFO [main] LogReport:33 - product name validation
2019-11-08 14:08:52,943  INFO [main] LogReport:33 - Validation pass:iPhone and iPhone match
2019-11-08 14:08:52,944  INFO [main] LogReport:33 - product price validation
2019-11-08 14:08:53,062  INFO [main] LogReport:33 - Validation pass:$123.20 and $123.20 match
2019-11-08 14:08:53,063  INFO [main] LogReport:33 - product ex-tax validation
2019-11-08 14:08:53,179  INFO [main] LogReport:33 - Validation pass:Ex Tax: $101.00 and Ex Tax: $101.00 match
2019-11-08 14:08:53,179  INFO [main] LogReport:33 - product availabilty validation
2019-11-08 14:08:53,276  INFO [main] LogReport:33 - product Description validation
2019-11-08 14:08:53,368  INFO [main] LogReport:33 - select product quantity
2019-11-08 14:08:53,693  INFO [main] LogReport:33 - Product add to the cart
2019-11-08 14:08:54,941  INFO [main] LogReport:33 - Searching for MacBook Air and validating the product details
2019-11-08 14:08:54,942  INFO [main] LogReport:33 - Searching the MacBook Air
2019-11-08 14:08:57,660  INFO [main] LogReport:33 - MacBook Air searching successfully
2019-11-08 14:08:57,661  INFO [main] LogReport:33 - product name validation
2019-11-08 14:08:57,784  INFO [main] LogReport:33 - Validation pass:MacBook Air and MacBook Air match
2019-11-08 14:08:57,784  INFO [main] LogReport:33 - product price validation
2019-11-08 14:08:57,967  INFO [main] LogReport:33 - Validation pass:$1,202.00 and $1,202.00 match
2019-11-08 14:08:57,968  INFO [main] LogReport:33 - product ex-tax validation
2019-11-08 14:08:58,071  INFO [main] LogReport:33 - Validation pass:Ex Tax: $1,000.00 and Ex Tax: $1,000.00 match
2019-11-08 14:08:58,072  INFO [main] LogReport:33 - product availabilty validation
2019-11-08 14:08:58,175  INFO [main] LogReport:33 - product Description validation
2019-11-08 14:08:59,007  INFO [main] LogReport:33 - Grand total before updating the quantity
2019-11-08 14:11:39,340  INFO [main] LogReport:33 - Homepage is invoking
2019-11-08 14:11:39,380  INFO [main] LogReport:33 - Page Redirection Validation pass:The Ninja Store and The Ninja Store match
2019-11-08 14:11:39,380  INFO [main] LogReport:33 - HomePage validate successfull
2019-11-08 14:11:40,556  INFO [main] LogReport:33 - Searching for iPhone and validating the product details
2019-11-08 14:11:40,557  INFO [main] LogReport:33 - Searching the iPhone
2019-11-08 14:11:45,107  INFO [main] LogReport:33 - iPhone searching successfully
2019-11-08 14:11:45,108  INFO [main] LogReport:33 - product name validation
2019-11-08 14:11:45,218  INFO [main] LogReport:33 - Validation pass:iPhone and iPhone match
2019-11-08 14:11:45,218  INFO [main] LogReport:33 - product price validation
2019-11-08 14:11:45,306  INFO [main] LogReport:33 - Validation pass:$123.20 and $123.20 match
2019-11-08 14:11:45,307  INFO [main] LogReport:33 - product ex-tax validation
2019-11-08 14:11:45,412  INFO [main] LogReport:33 - Validation pass:Ex Tax: $101.00 and Ex Tax: $101.00 match
2019-11-08 14:11:45,413  INFO [main] LogReport:33 - product availabilty validation
2019-11-08 14:11:45,510  INFO [main] LogReport:33 - product Description validation
2019-11-08 14:11:45,605  INFO [main] LogReport:33 - select product quantity
2019-11-08 14:11:45,986  INFO [main] LogReport:33 - Product add to the cart
2019-11-08 14:11:47,361  INFO [main] LogReport:33 - Searching for MacBook Air and validating the product details
2019-11-08 14:11:47,363  INFO [main] LogReport:33 - Searching the MacBook Air
2019-11-08 14:11:50,172  INFO [main] LogReport:33 - MacBook Air searching successfully
2019-11-08 14:11:50,172  INFO [main] LogReport:33 - product name validation
2019-11-08 14:11:50,247  INFO [main] LogReport:33 - Validation pass:MacBook Air and MacBook Air match
2019-11-08 14:11:50,248  INFO [main] LogReport:33 - product price validation
2019-11-08 14:11:50,319  INFO [main] LogReport:33 - Validation pass:$1,202.00 and $1,202.00 match
2019-11-08 14:11:50,320  INFO [main] LogReport:33 - product ex-tax validation
2019-11-08 14:11:50,398  INFO [main] LogReport:33 - Validation pass:Ex Tax: $1,000.00 and Ex Tax: $1,000.00 match
2019-11-08 14:11:50,398  INFO [main] LogReport:33 - product availabilty validation
2019-11-08 14:11:50,477  INFO [main] LogReport:33 - product Description validation
2019-11-08 14:11:51,453  INFO [main] LogReport:33 - Grand total before updating the quantity
2019-11-08 14:13:20,520  INFO [main] LogReport:33 - Homepage is invoking
2019-11-08 14:13:20,556  INFO [main] LogReport:33 - Page Redirection Validation pass:The Ninja Store and The Ninja Store match
2019-11-08 14:13:20,557  INFO [main] LogReport:33 - HomePage validate successfull
2019-11-08 14:13:23,221  INFO [main] LogReport:33 - Searching for iPhone and validating the product details
2019-11-08 14:13:23,222  INFO [main] LogReport:33 - Searching the iPhone
2019-11-08 14:13:27,476  INFO [main] LogReport:33 - iPhone searching successfully
2019-11-08 14:13:27,477  INFO [main] LogReport:33 - product name validation
2019-11-08 14:13:27,578  INFO [main] LogReport:33 - Validation pass:iPhone and iPhone match
2019-11-08 14:13:27,578  INFO [main] LogReport:33 - product price validation
2019-11-08 14:13:27,665  INFO [main] LogReport:33 - Validation pass:$123.20 and $123.20 match
2019-11-08 14:13:27,666  INFO [main] LogReport:33 - product ex-tax validation
2019-11-08 14:13:27,758  INFO [main] LogReport:33 - Validation pass:Ex Tax: $101.00 and Ex Tax: $101.00 match
2019-11-08 14:13:27,759  INFO [main] LogReport:33 - product availabilty validation
2019-11-08 14:13:27,847  INFO [main] LogReport:33 - product Description validation
2019-11-08 14:13:27,946  INFO [main] LogReport:33 - select product quantity
2019-11-08 14:13:28,269  INFO [main] LogReport:33 - Product add to the cart
2019-11-08 14:13:29,515  INFO [main] LogReport:33 - Searching for MacBook Air and validating the product details
2019-11-08 14:13:29,515  INFO [main] LogReport:33 - Searching the MacBook Air
2019-11-08 14:13:32,171  INFO [main] LogReport:33 - MacBook Air searching successfully
2019-11-08 14:13:32,171  INFO [main] LogReport:33 - product name validation
2019-11-08 14:13:32,279  INFO [main] LogReport:33 - Validation pass:MacBook Air and MacBook Air match
2019-11-08 14:13:32,280  INFO [main] LogReport:33 - product price validation
2019-11-08 14:13:32,356  INFO [main] LogReport:33 - Validation pass:$1,202.00 and $1,202.00 match
2019-11-08 14:13:32,356  INFO [main] LogReport:33 - product ex-tax validation
2019-11-08 14:13:32,446  INFO [main] LogReport:33 - Validation pass:Ex Tax: $1,000.00 and Ex Tax: $1,000.00 match
2019-11-08 14:13:32,447  INFO [main] LogReport:33 - product availabilty validation
2019-11-08 14:13:32,533  INFO [main] LogReport:33 - product Description validation
2019-11-08 14:13:32,629  INFO [main] LogReport:33 - select product quantity
2019-11-08 14:13:33,088  INFO [main] LogReport:33 - Product add to the cart
2019-11-08 14:13:35,028  INFO [main] LogReport:33 - Grand total before updating the quantity
2019-11-08 14:18:06,996  INFO [main] LogReport:33 - Homepage is invoking
2019-11-08 14:18:07,029  INFO [main] LogReport:33 - Page Redirection Validation pass:The Ninja Store and The Ninja Store match
2019-11-08 14:18:07,030  INFO [main] LogReport:33 - HomePage validate successfull
2019-11-08 14:18:08,129  INFO [main] LogReport:33 - Searching for iPhone and validating the product details
2019-11-08 14:18:08,131  INFO [main] LogReport:33 - Searching the iPhone
2019-11-08 14:18:10,769  INFO [main] LogReport:33 - iPhone searching successfully
2019-11-08 14:18:10,769  INFO [main] LogReport:33 - product name validation
2019-11-08 14:18:10,840  INFO [main] LogReport:33 - Searching for MacBook Air and validating the product details
2019-11-08 14:18:10,842  INFO [main] LogReport:33 - Searching the MacBook Air
2019-11-08 14:18:11,012  INFO [main] LogReport:33 - MacBook Air searching successfully
2019-11-08 14:18:11,013  INFO [main] LogReport:33 - product name validation
2019-11-08 14:18:11,103  INFO [main] LogReport:33 - Grand total before updating the quantity
2019-11-08 14:23:06,766  INFO [main] LogReport:33 - Homepage is invoking
2019-11-08 14:23:06,806  INFO [main] LogReport:33 - Page Redirection Validation pass:The Ninja Store and The Ninja Store match
2019-11-08 14:23:06,807  INFO [main] LogReport:33 - HomePage validate successfull
2019-11-08 14:23:08,022  INFO [main] LogReport:33 - Searching for iPhone and validating the product details
2019-11-08 14:23:08,024  INFO [main] LogReport:33 - Searching the iPhone
2019-11-08 14:23:10,110  INFO [main] LogReport:33 - iPhone searching successfully
2019-11-08 14:23:10,110  INFO [main] LogReport:33 - product name validation
2019-11-08 14:23:10,173  INFO [main] LogReport:33 - Searching for MacBook Air and validating the product details
2019-11-08 14:23:10,173  INFO [main] LogReport:33 - Searching the MacBook Air
2019-11-08 14:23:10,376  INFO [main] LogReport:33 - MacBook Air searching successfully
2019-11-08 14:23:10,376  INFO [main] LogReport:33 - product name validation
2019-11-08 14:23:10,485  INFO [main] LogReport:33 - Grand total before updating the quantity
2019-11-08 14:24:13,117  INFO [main] LogReport:33 - Homepage is invoking
2019-11-08 14:24:13,153  INFO [main] LogReport:33 - Page Redirection Validation pass:The Ninja Store and The Ninja Store match
2019-11-08 14:24:13,153  INFO [main] LogReport:33 - HomePage validate successfull
2019-11-08 14:24:14,317  INFO [main] LogReport:33 - Searching for iPhone and validating the product details
2019-11-08 14:24:14,318  INFO [main] LogReport:33 - Searching the iPhone
2019-11-08 14:24:16,153  INFO [main] LogReport:33 - iPhone searching successfully
2019-11-08 14:24:16,153  INFO [main] LogReport:33 - product name validation
2019-11-08 14:24:16,541  INFO [main] LogReport:33 - Searching for MacBook Air and validating the product details
2019-11-08 14:24:16,542  INFO [main] LogReport:33 - Searching the MacBook Air
2019-11-08 14:24:18,361  INFO [main] LogReport:33 - MacBook Air searching successfully
2019-11-08 14:24:18,361  INFO [main] LogReport:33 - product name validation
2019-11-08 14:24:19,136  INFO [main] LogReport:33 - Grand total before updating the quantity
2019-11-08 14:24:43,786  INFO [main] LogReport:33 - Homepage is invoking
2019-11-08 14:24:43,822  INFO [main] LogReport:33 - Page Redirection Validation pass:The Ninja Store and The Ninja Store match
2019-11-08 14:24:43,823  INFO [main] LogReport:33 - HomePage validate successfull
2019-11-08 14:24:44,894  INFO [main] LogReport:33 - Searching for iPhone and validating the product details
2019-11-08 14:24:44,895  INFO [main] LogReport:33 - Searching the iPhone
2019-11-08 14:24:46,641  INFO [main] LogReport:33 - iPhone searching successfully
2019-11-08 14:24:46,642  INFO [main] LogReport:33 - product name validation
2019-11-08 14:24:46,997  INFO [main] LogReport:33 - Searching for MacBook Air and validating the product details
2019-11-08 14:24:46,998  INFO [main] LogReport:33 - Searching the MacBook Air
2019-11-08 14:24:48,720  INFO [main] LogReport:33 - MacBook Air searching successfully
2019-11-08 14:24:48,721  INFO [main] LogReport:33 - product name validation
2019-11-08 14:24:49,556  INFO [main] LogReport:33 - Grand total before updating the quantity
2019-11-08 14:25:19,545  INFO [main] LogReport:33 - Homepage is invoking
2019-11-08 14:25:19,603  INFO [main] LogReport:33 - Page Redirection Validation pass:The Ninja Store and The Ninja Store match
2019-11-08 14:25:19,603  INFO [main] LogReport:33 - HomePage validate successfull
2019-11-08 14:25:20,629  INFO [main] LogReport:33 - Searching for iPhone and validating the product details
2019-11-08 14:25:20,629  INFO [main] LogReport:33 - Searching the iPhone
2019-11-08 14:25:22,496  INFO [main] LogReport:33 - iPhone searching successfully
2019-11-08 14:25:22,496  INFO [main] LogReport:33 - product name validation
2019-11-08 14:25:22,867  INFO [main] LogReport:33 - Searching for MacBook Air and validating the product details
2019-11-08 14:25:22,868  INFO [main] LogReport:33 - Searching the MacBook Air
2019-11-08 14:25:24,728  INFO [main] LogReport:33 - MacBook Air searching successfully
2019-11-08 14:25:24,730  INFO [main] LogReport:33 - product name validation
2019-11-08 14:25:25,531  INFO [main] LogReport:33 - Grand total before updating the quantity
2019-11-08 14:33:00,199  INFO [main] LogReport:33 - Homepage is invoking
2019-11-08 14:33:00,232  INFO [main] LogReport:33 - Page Redirection Validation pass:The Ninja Store and The Ninja Store match
2019-11-08 14:33:00,233  INFO [main] LogReport:33 - HomePage validate successfull
2019-11-08 14:33:01,213  INFO [main] LogReport:33 - Searching for iPhone and validating the product details
2019-11-08 14:33:01,229  INFO [main] LogReport:33 - Searching the iPhone
2019-11-08 14:33:03,830  INFO [main] LogReport:33 - iPhone searching successfully
2019-11-08 14:33:03,831  INFO [main] LogReport:33 - product name validation
2019-11-08 14:33:03,928  INFO [main] LogReport:33 - Searching for MacBook Air and validating the product details
2019-11-08 14:33:03,929  INFO [main] LogReport:33 - Searching the MacBook Air
2019-11-08 14:33:04,121  INFO [main] LogReport:33 - MacBook Air searching successfully
2019-11-08 14:33:04,122  INFO [main] LogReport:33 - product name validation
2019-11-08 14:33:04,240  INFO [main] LogReport:33 - Grand total before updating the quantity
2019-11-08 14:36:54,119  INFO [main] LogReport:33 - Homepage is invoking
2019-11-08 14:36:54,151  INFO [main] LogReport:33 - Page Redirection Validation pass:The Ninja Store and The Ninja Store match
2019-11-08 14:36:54,152  INFO [main] LogReport:33 - HomePage validate successfull
2019-11-08 14:36:55,154  INFO [main] LogReport:33 - Searching for iPhone and validating the product details
2019-11-08 14:36:55,168  INFO [main] LogReport:33 - Searching the iPhone
2019-11-08 14:37:00,642  INFO [main] LogReport:33 - iPhone searching successfully
2019-11-08 14:37:00,642  INFO [main] LogReport:33 - product name validation
2019-11-08 14:37:00,733  INFO [main] LogReport:33 - Searching for MacBook Air and validating the product details
2019-11-08 14:37:00,734  INFO [main] LogReport:33 - Searching the MacBook Air
2019-11-08 14:37:03,905  INFO [main] LogReport:33 - MacBook Air searching successfully
2019-11-08 14:37:03,906  INFO [main] LogReport:33 - product name validation
2019-11-08 14:37:04,001  INFO [main] LogReport:33 - Grand total before updating the quantity
2019-11-08 14:37:45,580  INFO [main] LogReport:33 - Homepage is invoking
2019-11-08 14:37:45,607  INFO [main] LogReport:33 - Page Redirection Validation pass:The Ninja Store and The Ninja Store match
2019-11-08 14:37:45,607  INFO [main] LogReport:33 - HomePage validate successfull
2019-11-08 14:37:46,690  INFO [main] LogReport:33 - Searching for iPhone and validating the product details
2019-11-08 14:37:46,691  INFO [main] LogReport:33 - Searching the iPhone
2019-11-08 14:37:52,429  INFO [main] LogReport:33 - iPhone searching successfully
2019-11-08 14:37:52,429  INFO [main] LogReport:33 - product name validation
2019-11-08 14:37:52,523  INFO [main] LogReport:33 - Searching for MacBook Air and validating the product details
2019-11-08 14:37:52,523  INFO [main] LogReport:33 - Searching the MacBook Air
2019-11-08 14:37:55,714  INFO [main] LogReport:33 - MacBook Air searching successfully
2019-11-08 14:37:55,715  INFO [main] LogReport:33 - product name validation
2019-11-08 14:37:55,824  INFO [main] LogReport:33 - Grand total before updating the quantity
2019-11-08 14:40:59,951  INFO [main] LogReport:33 - Homepage is invoking
2019-11-08 14:41:00,049  INFO [main] LogReport:33 - Page Redirection Validation pass:The Ninja Store and The Ninja Store match
2019-11-08 14:41:00,049  INFO [main] LogReport:33 - HomePage validate successfull
2019-11-08 14:41:01,148  INFO [main] LogReport:33 - Searching for iPhone and validating the product details
2019-11-08 14:41:01,160  INFO [main] LogReport:33 - Searching the iPhone
2019-11-08 14:41:03,675  INFO [main] LogReport:33 - iPhone searching successfully
2019-11-08 14:41:03,677  INFO [main] LogReport:33 - product name validation
2019-11-08 14:41:03,772  INFO [main] LogReport:33 - Searching for MacBook Air and validating the product details
2019-11-08 14:41:03,774  INFO [main] LogReport:33 - Searching the MacBook Air
2019-11-08 14:41:03,959  INFO [main] LogReport:33 - MacBook Air searching successfully
2019-11-08 14:41:03,960  INFO [main] LogReport:33 - product name validation
2019-11-08 14:41:04,045  INFO [main] LogReport:33 - Grand total before updating the quantity
2019-11-08 14:45:47,981  INFO [main] LogReport:33 - Homepage is invoking
2019-11-08 14:45:49,107  INFO [main] LogReport:33 - Searching for iPhone and validating the product details
2019-11-08 14:45:49,111  INFO [main] LogReport:33 - Searching the iPhone
2019-11-08 14:45:49,465  INFO [main] LogReport:33 - iPhone searching successfully
2019-11-08 14:45:49,465  INFO [main] LogReport:33 - product name validation
2019-11-08 14:45:49,543  INFO [main] LogReport:33 - Searching for MacBook Air and validating the product details
2019-11-08 14:45:49,543  INFO [main] LogReport:33 - Searching the MacBook Air
2019-11-08 14:45:49,829  INFO [main] LogReport:33 - MacBook Air searching successfully
2019-11-08 14:45:49,829  INFO [main] LogReport:33 - product name validation
2019-11-08 14:45:49,972  INFO [main] LogReport:33 - Grand total before updating the quantity
2019-11-08 14:47:21,564  INFO [main] LogReport:33 - Homepage is invoking
2019-11-08 14:47:21,634  INFO [main] LogReport:33 - Page Redirection Validation pass:The Ninja Store and The Ninja Store match
2019-11-08 14:47:21,635  INFO [main] LogReport:33 - HomePage validate successfull
2019-11-08 14:47:23,064  INFO [main] LogReport:33 - Searching for iPhone and validating the product details
2019-11-08 14:47:23,065  INFO [main] LogReport:33 - Searching the iPhone
2019-11-08 14:47:29,477  INFO [main] LogReport:33 - iPhone searching successfully
2019-11-08 14:47:29,478  INFO [main] LogReport:33 - product name validation
2019-11-08 14:47:29,627  INFO [main] LogReport:33 - Validation pass:iPhone and iPhone match
2019-11-08 14:47:29,627  INFO [main] LogReport:33 - product price validation
2019-11-08 14:47:29,783  INFO [main] LogReport:33 - Validation pass:$123.20 and $123.20 match
2019-11-08 14:47:29,784  INFO [main] LogReport:33 - product ex-tax validation
2019-11-08 14:47:29,911  INFO [main] LogReport:33 - Validation pass:Ex Tax: $101.00 and Ex Tax: $101.00 match
2019-11-08 14:47:29,912  INFO [main] LogReport:33 - product availabilty validation
2019-11-08 14:47:30,042  INFO [main] LogReport:33 - Validation pass:Availability: In Stock and Availability: In Stock match
2019-11-08 14:47:30,043  INFO [main] LogReport:33 - product Description validation
2019-11-08 14:47:30,148  INFO [main] LogReport:33 - Validation pass:iPhone is a revolutionary new mobile phone that allows you to make a call by simply tapping a name or number in your address book, a favorites list, or a call log. It also automatically syncs all your contacts from a PC, Mac, or Internet service. And it lets you select and listen to voicemail messages in whatever order you want just like email. and iPhone is a revolutionary new mobile phone that allows you to make a call by simply tapping a name or number in your address book, a favorites list, or a call log. It also automatically syncs all your contacts from a PC, Mac, or Internet service. And it lets you select and listen to voicemail messages in whatever order you want just like email. match
2019-11-08 14:47:30,150  INFO [main] LogReport:33 - select product quantity
2019-11-08 14:47:30,599  INFO [main] LogReport:33 - Product add to the cart
2019-11-08 14:47:32,021  INFO [main] LogReport:33 - Searching for MacBook Air and validating the product details
2019-11-08 14:47:32,022  INFO [main] LogReport:33 - Searching the MacBook Air
2019-11-08 14:47:37,740  INFO [main] LogReport:33 - MacBook Air searching successfully
2019-11-08 14:47:37,741  INFO [main] LogReport:33 - product name validation
2019-11-08 14:47:37,861  INFO [main] LogReport:33 - Validation pass:MacBook Air and MacBook Air match
2019-11-08 14:47:37,862  INFO [main] LogReport:33 - product price validation
2019-11-08 14:47:37,999  INFO [main] LogReport:33 - Validation pass:$1,202.00 and $1,202.00 match
2019-11-08 14:47:38,000  INFO [main] LogReport:33 - product ex-tax validation
2019-11-08 14:47:38,126  INFO [main] LogReport:33 - Validation pass:Ex Tax: $1,000.00 and Ex Tax: $1,000.00 match
2019-11-08 14:47:38,127  INFO [main] LogReport:33 - product availabilty validation
2019-11-08 14:47:38,251  INFO [main] LogReport:33 - Validation pass:Availability: In Stock and Availability: In Stock match
2019-11-08 14:47:38,252  INFO [main] LogReport:33 - product Description validation
2019-11-08 14:47:38,391  INFO [main] LogReport:33 - Validation pass:MacBook Air is ultrathin, ultraportable, and ultra unlike anything else. But you dont lose inches and pounds overnight. Its the result of rethinking conventions. Of multiple wireless innovations. And of breakthrough design. With MacBook Air, mobile computing suddenly has a new standard. and MacBook Air is ultrathin, ultraportable, and ultra unlike anything else. But you dont lose inches and pounds overnight. Its the result of rethinking conventions. Of multiple wireless innovations. And of breakthrough design. With MacBook Air, mobile computing suddenly has a new standard. match
2019-11-08 14:47:38,392  INFO [main] LogReport:33 - select product quantity
2019-11-08 14:47:38,934  INFO [main] LogReport:33 - Product add to the cart
2019-11-08 14:47:41,364  INFO [main] LogReport:33 - Grand total before updating the quantity
2019-11-08 14:47:41,568  INFO [main] LogReport:33 - Validation pass:$3,852.40 and $3,852.40 match
2019-11-08 14:47:43,448  INFO [main] LogReport:33 - Validation pass:$2,650.40 and $2,650.40 match
